[debug] [2021-04-23T19:37:33.865Z] ----------------------------------------------------------------------
[debug] [2021-04-23T19:37:33.869Z] Command:       C:\Program Files (x86)\nodejs\node.exe C:\Users\annax\AppData\Roaming\npm\node_modules\firebase-tools\lib\bin\firebase.js --debug deploy
[debug] [2021-04-23T19:37:33.869Z] CLI Version:   7.12.1
[debug] [2021-04-23T19:37:33.870Z] Platform:      win32
[debug] [2021-04-23T19:37:33.870Z] Node Version:  v12.16.2
[debug] [2021-04-23T19:37:33.873Z] Time:          Fri Apr 23 2021 15:37:33 GMT-0400 (Eastern Daylight Time)
[debug] [2021-04-23T19:37:33.873Z] ----------------------------------------------------------------------
[debug] [2021-04-23T19:37:33.874Z] 
[debug] [2021-04-23T19:37:33.891Z] > command requires scopes: ["email","openid","https://www.googleapis.com/auth/cloudplatformprojects.readonly","https://www.googleapis.com/auth/firebase","https://www.googleapis.com/auth/cloud-platform"]
[debug] [2021-04-23T19:37:33.892Z] > authorizing via signed-in user
[debug] [2021-04-23T19:37:33.893Z] [iam] checking project onthisday-b319b for permissions ["cloudfunctions.functions.create","cloudfunctions.functions.delete","cloudfunctions.functions.get","cloudfunctions.functions.list","cloudfunctions.functions.update","cloudfunctions.operations.get","datastore.indexes.create","datastore.indexes.delete","datastore.indexes.list","datastore.indexes.update","firebase.projects.get","firebaserules.releases.create","firebaserules.releases.update","firebaserules.rulesets.create"]
[debug] [2021-04-23T19:37:33.897Z] >>> HTTP REQUEST POST https://cloudresourcemanager.googleapis.com/v1/projects/onthisday-b319b:testIamPermissions  

[debug] [2021-04-23T19:37:34.505Z] <<< HTTP RESPONSE 200
[info] 
[info] === Deploying to 'onthisday-b319b'...
[info] 
[info] i  deploying storage, firestore, functions
[debug] [2021-04-23T19:37:34.677Z] >>> HTTP REQUEST GET https://appengine.googleapis.com/v1/apps/onthisday-b319b  
 
[debug] [2021-04-23T19:37:35.355Z] <<< HTTP RESPONSE 200
[info] i  firebase.storage: checking storage.rules for compilation errors...
[debug] [2021-04-23T19:37:35.359Z] >>> HTTP REQUEST POST https://firebaserules.googleapis.com/v1/projects/onthisday-b319b:test  

[debug] [2021-04-23T19:37:35.776Z] <<< HTTP RESPONSE 200
[warn] !  [W] undefined:undefined - Ruleset uses old version (version [1]). Please update to the latest version (version [2]).
[info] +  firebase.storage: rules file storage.rules compiled successfully
[info] i  firestore: reading indexes from firestore.indexes.json...
[info] i  cloud.firestore: checking firestore.rules for compilation errors...
[debug] [2021-04-23T19:37:35.784Z] >>> HTTP REQUEST POST https://firebaserules.googleapis.com/v1/projects/onthisday-b319b:test  

[debug] [2021-04-23T19:37:36.097Z] <<< HTTP RESPONSE 200
[info] +  cloud.firestore: rules file firestore.rules compiled successfully
[debug] [2021-04-23T19:37:36.101Z] > [functions] package.json contents: {
  "name": "functions",
  "description": "Cloud Functions for Firebase",
  "scripts": {
    "serve": "firebase serve --only functions",
    "shell": "firebase functions:shell",
    "start": "npm run shell",
    "deploy": "firebase deploy --only functions",
    "logs": "firebase functions:log"
  },
  "engines": {
    "node": "8"
  },
  "dependencies": {
    "firebase-admin": "^8.6.0",
    "firebase-functions": "^3.3.0"
  },
  "devDependencies": {
    "firebase-functions-test": "^0.1.6"
  },
  "private": true
}
[info] i  functions: ensuring necessary APIs are enabled...
[debug] [2021-04-23T19:37:36.106Z] >>> HTTP REQUEST GET https://serviceusage.googleapis.com/v1/projects/onthisday-b319b/services/cloudfunctions.googleapis.com  
 
[debug] [2021-04-23T19:37:36.108Z] >>> HTTP REQUEST GET https://serviceusage.googleapis.com/v1/projects/onthisday-b319b/services/runtimeconfig.googleapis.com  
 
[debug] [2021-04-23T19:37:36.688Z] <<< HTTP RESPONSE 200
[info] +  functions: all necessary APIs are enabled
[debug] [2021-04-23T19:37:36.691Z] <<< HTTP RESPONSE 200
[debug] [2021-04-23T19:37:36.693Z] >>> HTTP REQUEST GET https://firebase.googleapis.com/v1beta1/projects/onthisday-b319b/adminSdkConfig  
 
[debug] [2021-04-23T19:37:37.073Z] <<< HTTP RESPONSE 200
[debug] [2021-04-23T19:37:37.076Z] >>> HTTP REQUEST GET https://firebaserules.googleapis.com/v1/projects/onthisday-b319b/releases?pageSize=10&pageToken=  
 
[debug] [2021-04-23T19:37:37.326Z] <<< HTTP RESPONSE 200
[debug] [2021-04-23T19:37:37.328Z] >>> HTTP REQUEST GET https://firebaserules.googleapis.com/v1/projects/onthisday-b319b/rulesets/7869486f-a93b-4d5d-862e-abba50330cfa  
 
[debug] [2021-04-23T19:37:37.599Z] <<< HTTP RESPONSE 200
[info] i  storage: latest version of storage.rules already up to date, skipping upload...
[debug] [2021-04-23T19:37:37.604Z] >>> HTTP REQUEST GET https://firebaserules.googleapis.com/v1/projects/onthisday-b319b/releases?pageSize=10&pageToken=  
 
[debug] [2021-04-23T19:37:37.605Z] >>> HTTP REQUEST GET https://firestore.googleapis.com/v1beta2/projects/onthisday-b319b/databases/(default)/collectionGroups/-/indexes  
 
[debug] [2021-04-23T19:37:37.870Z] <<< HTTP RESPONSE 200
[debug] [2021-04-23T19:37:37.872Z] >>> HTTP REQUEST GET https://firebaserules.googleapis.com/v1/projects/onthisday-b319b/rulesets/b97ff36c-0f08-4a2f-8a53-6c43fcfd3605  
 
[debug] [2021-04-23T19:37:38.144Z] <<< HTTP RESPONSE 200
[info] i  firestore: latest version of firestore.rules already up to date, skipping upload...
[debug] [2021-04-23T19:37:38.291Z] <<< HTTP RESPONSE 200
[debug] [2021-04-23T19:37:38.294Z] >>> HTTP REQUEST GET https://firestore.googleapis.com/v1beta2/projects/onthisday-b319b/databases/(default)/collectionGroups/-/fields?filter=indexConfig.usesAncestorConfig=false  
 
[debug] [2021-04-23T19:37:38.768Z] <<< HTTP RESPONSE 200
[info] +  firestore: deployed indexes in firestore.indexes.json successfully
[info] i  functions: preparing functions directory for uploading...
[debug] [2021-04-23T19:37:38.774Z] >>> HTTP REQUEST GET https://runtimeconfig.googleapis.com/v1beta1/projects/onthisday-b319b/configs  
 
[debug] [2021-04-23T19:37:39.257Z] <<< HTTP RESPONSE 200
[info] i  functions: packaged functions (27.67 KB) for uploading
[debug] [2021-04-23T19:37:39.512Z] >>> HTTP REQUEST POST https://cloudfunctions.googleapis.com/v1/projects/onthisday-b319b/locations/us-central1/functions:generateUploadUrl  
 
[debug] [2021-04-23T19:37:40.117Z] <<< HTTP RESPONSE 200
[debug] [2021-04-23T19:37:40.118Z] >>> HTTP REQUEST PUT https://storage.googleapis.com/gcf-upload-us-central1-00ce626b-1c31-449b-832e-c0a53d95ccfb/e1810cb5-e114-40f4-a237-eb6b93e3f833.zip?GoogleAccessId=service-428856123629@gcf-admin-robot.iam.gserviceaccount.com&Expires=1619208474&Signature=ZkO%2FfR3Pm9dOIDQcOgDGw2KcGA8ChJ52X22f%2F0c3prFc9i6ZYHkVkEcJ63DFZA4TBeBK7YgQaZvloyyzVws9LV7zOFGTM1ZRBadZKXavyYmzQFGABWMU%2FV8mfvUlqy5upDGQTKQhc9fZGpfM1oHO8hDf7FySkgTej1S6CeVQZzw1gl4O7Ye5AsemJhEg5ugfTdCQHGdgmjnLHyh1wZa9f%2BPUDBFecUyRuvrWlr3biZJw1ZKdz0xEEXfGmL9U8RmM5Gd8opBhxqiHsaiOaDuwutYn7T3XfosjdUjxfq5dkOcqebl4FA8GPXgbzq%2F1w0tfnplwxoqPONU2z7nK%2FMAoVw%3D%3D  
 <request body omitted>
[debug] [2021-04-23T19:37:40.605Z] <<< HTTP RESPONSE 200
[info] +  functions: functions folder uploaded successfully
[debug] [2021-04-23T19:37:40.608Z] [rules] releasing firebase.storage/onthisday-b319b.appspot.com with ruleset projects/onthisday-b319b/rulesets/7869486f-a93b-4d5d-862e-abba50330cfa
[debug] [2021-04-23T19:37:40.608Z] >>> HTTP REQUEST PATCH https://firebaserules.googleapis.com/v1/projects/onthisday-b319b/releases/firebase.storage/onthisday-b319b.appspot.com  

[debug] [2021-04-23T19:37:40.875Z] <<< HTTP RESPONSE 200
[debug] [2021-04-23T19:37:40.877Z] [rules] updated release projects/onthisday-b319b/releases/firebase.storage/onthisday-b319b.appspot.com
[info] +  storage: released rules storage.rules to firebase.storage
[debug] [2021-04-23T19:37:40.879Z] [rules] releasing cloud.firestore with ruleset projects/onthisday-b319b/rulesets/b97ff36c-0f08-4a2f-8a53-6c43fcfd3605
[debug] [2021-04-23T19:37:40.879Z] >>> HTTP REQUEST PATCH https://firebaserules.googleapis.com/v1/projects/onthisday-b319b/releases/cloud.firestore  

[debug] [2021-04-23T19:37:41.142Z] <<< HTTP RESPONSE 200
[debug] [2021-04-23T19:37:41.143Z] [rules] updated release projects/onthisday-b319b/releases/cloud.firestore
[info] +  firestore: released rules firestore.rules to cloud.firestore
[debug] [2021-04-23T19:37:41.146Z] >>> HTTP REQUEST GET https://cloudfunctions.googleapis.com/v1/projects/onthisday-b319b/locations/-/functions  
 
[debug] [2021-04-23T19:37:41.636Z] <<< HTTP RESPONSE 200
[info] i  functions: updating Node.js 8 function helloWorld(us-central1)...
[debug] [2021-04-23T19:37:41.640Z] Trigger is:  {"httpsTrigger":{}}
[debug] [2021-04-23T19:37:41.642Z] >>> HTTP REQUEST GET https://serviceusage.googleapis.com/v1/projects/onthisday-b319b/services/cloudscheduler.googleapis.com  
 
[debug] [2021-04-23T19:37:43.392Z] <<< HTTP RESPONSE 200
[debug] [2021-04-23T19:37:43.395Z] >>> HTTP REQUEST PATCH https://cloudfunctions.googleapis.com/v1/projects/onthisday-b319b/locations/us-central1/functions/helloWorld {"updateMask":"sourceUploadUrl,name,labels,runtime,httpsTrigger"} 

[debug] [2021-04-23T19:37:44.058Z] <<< HTTP RESPONSE 200
[debug] [2021-04-23T19:37:44.061Z] >>> HTTP REQUEST GET https://cloudfunctions.googleapis.com/v1/projects/onthisday-b319b/locations/-/functions  
 
[debug] [2021-04-23T19:37:45.126Z] <<< HTTP RESPONSE 200
[debug] [2021-04-23T19:37:45.128Z] >>> HTTP REQUEST GET https://cloudfunctions.googleapis.com/v1/operations/b250aGlzZGF5LWIzMTliL3VzLWNlbnRyYWwxL2hlbGxvV29ybGQvcDZyZlVMdGo2UDg  
 
[debug] [2021-04-23T19:37:45.367Z] <<< HTTP RESPONSE 200
[debug] [2021-04-23T19:37:47.373Z] >>> HTTP REQUEST GET https://cloudfunctions.googleapis.com/v1/operations/b250aGlzZGF5LWIzMTliL3VzLWNlbnRyYWwxL2hlbGxvV29ybGQvcDZyZlVMdGo2UDg  
 
[debug] [2021-04-23T19:37:47.690Z] <<< HTTP RESPONSE 200
[debug] [2021-04-23T19:37:49.699Z] >>> HTTP REQUEST GET https://cloudfunctions.googleapis.com/v1/operations/b250aGlzZGF5LWIzMTliL3VzLWNlbnRyYWwxL2hlbGxvV29ybGQvcDZyZlVMdGo2UDg  
 
[debug] [2021-04-23T19:37:50.010Z] <<< HTTP RESPONSE 200
[debug] [2021-04-23T19:37:52.026Z] >>> HTTP REQUEST GET https://cloudfunctions.googleapis.com/v1/operations/b250aGlzZGF5LWIzMTliL3VzLWNlbnRyYWwxL2hlbGxvV29ybGQvcDZyZlVMdGo2UDg  
 
[debug] [2021-04-23T19:37:52.330Z] <<< HTTP RESPONSE 200
[debug] [2021-04-23T19:37:54.344Z] >>> HTTP REQUEST GET https://cloudfunctions.googleapis.com/v1/operations/b250aGlzZGF5LWIzMTliL3VzLWNlbnRyYWwxL2hlbGxvV29ybGQvcDZyZlVMdGo2UDg  
 
[debug] [2021-04-23T19:37:54.652Z] <<< HTTP RESPONSE 200
[debug] [2021-04-23T19:37:56.655Z] >>> HTTP REQUEST GET https://cloudfunctions.googleapis.com/v1/operations/b250aGlzZGF5LWIzMTliL3VzLWNlbnRyYWwxL2hlbGxvV29ybGQvcDZyZlVMdGo2UDg  
 
[debug] [2021-04-23T19:37:56.975Z] <<< HTTP RESPONSE 200
[debug] [2021-04-23T19:37:58.991Z] >>> HTTP REQUEST GET https://cloudfunctions.googleapis.com/v1/operations/b250aGlzZGF5LWIzMTliL3VzLWNlbnRyYWwxL2hlbGxvV29ybGQvcDZyZlVMdGo2UDg  
 
[debug] [2021-04-23T19:37:59.311Z] <<< HTTP RESPONSE 200
[debug] [2021-04-23T19:38:01.315Z] >>> HTTP REQUEST GET https://cloudfunctions.googleapis.com/v1/operations/b250aGlzZGF5LWIzMTliL3VzLWNlbnRyYWwxL2hlbGxvV29ybGQvcDZyZlVMdGo2UDg  
 
[debug] [2021-04-23T19:38:01.640Z] <<< HTTP RESPONSE 200
[debug] [2021-04-23T19:38:03.651Z] >>> HTTP REQUEST GET https://cloudfunctions.googleapis.com/v1/operations/b250aGlzZGF5LWIzMTliL3VzLWNlbnRyYWwxL2hlbGxvV29ybGQvcDZyZlVMdGo2UDg  
 
[debug] [2021-04-23T19:38:03.948Z] <<< HTTP RESPONSE 200
[debug] [2021-04-23T19:38:05.961Z] >>> HTTP REQUEST GET https://cloudfunctions.googleapis.com/v1/operations/b250aGlzZGF5LWIzMTliL3VzLWNlbnRyYWwxL2hlbGxvV29ybGQvcDZyZlVMdGo2UDg  
 
[debug] [2021-04-23T19:38:06.255Z] <<< HTTP RESPONSE 200
[debug] [2021-04-23T19:38:08.269Z] >>> HTTP REQUEST GET https://cloudfunctions.googleapis.com/v1/operations/b250aGlzZGF5LWIzMTliL3VzLWNlbnRyYWwxL2hlbGxvV29ybGQvcDZyZlVMdGo2UDg  
 
[debug] [2021-04-23T19:38:08.580Z] <<< HTTP RESPONSE 200
[debug] [2021-04-23T19:38:10.593Z] >>> HTTP REQUEST GET https://cloudfunctions.googleapis.com/v1/operations/b250aGlzZGF5LWIzMTliL3VzLWNlbnRyYWwxL2hlbGxvV29ybGQvcDZyZlVMdGo2UDg  
 
[debug] [2021-04-23T19:38:10.898Z] <<< HTTP RESPONSE 200
[debug] [2021-04-23T19:38:12.914Z] >>> HTTP REQUEST GET https://cloudfunctions.googleapis.com/v1/operations/b250aGlzZGF5LWIzMTliL3VzLWNlbnRyYWwxL2hlbGxvV29ybGQvcDZyZlVMdGo2UDg  
 
[debug] [2021-04-23T19:38:13.218Z] <<< HTTP RESPONSE 200
[debug] [2021-04-23T19:38:15.236Z] >>> HTTP REQUEST GET https://cloudfunctions.googleapis.com/v1/operations/b250aGlzZGF5LWIzMTliL3VzLWNlbnRyYWwxL2hlbGxvV29ybGQvcDZyZlVMdGo2UDg  
 
[debug] [2021-04-23T19:38:15.556Z] <<< HTTP RESPONSE 200
[debug] [2021-04-23T19:38:17.572Z] >>> HTTP REQUEST GET https://cloudfunctions.googleapis.com/v1/operations/b250aGlzZGF5LWIzMTliL3VzLWNlbnRyYWwxL2hlbGxvV29ybGQvcDZyZlVMdGo2UDg  
 
[debug] [2021-04-23T19:38:17.866Z] <<< HTTP RESPONSE 200
[debug] [2021-04-23T19:38:19.873Z] >>> HTTP REQUEST GET https://cloudfunctions.googleapis.com/v1/operations/b250aGlzZGF5LWIzMTliL3VzLWNlbnRyYWwxL2hlbGxvV29ybGQvcDZyZlVMdGo2UDg  
 
[debug] [2021-04-23T19:38:20.198Z] <<< HTTP RESPONSE 200
[debug] [2021-04-23T19:38:22.205Z] >>> HTTP REQUEST GET https://cloudfunctions.googleapis.com/v1/operations/b250aGlzZGF5LWIzMTliL3VzLWNlbnRyYWwxL2hlbGxvV29ybGQvcDZyZlVMdGo2UDg  
 
[debug] [2021-04-23T19:38:22.503Z] <<< HTTP RESPONSE 200
[debug] [2021-04-23T19:38:24.515Z] >>> HTTP REQUEST GET https://cloudfunctions.googleapis.com/v1/operations/b250aGlzZGF5LWIzMTliL3VzLWNlbnRyYWwxL2hlbGxvV29ybGQvcDZyZlVMdGo2UDg  
 
[debug] [2021-04-23T19:38:24.833Z] <<< HTTP RESPONSE 200
[debug] [2021-04-23T19:38:26.850Z] >>> HTTP REQUEST GET https://cloudfunctions.googleapis.com/v1/operations/b250aGlzZGF5LWIzMTliL3VzLWNlbnRyYWwxL2hlbGxvV29ybGQvcDZyZlVMdGo2UDg  
 
[debug] [2021-04-23T19:38:27.146Z] <<< HTTP RESPONSE 200
[debug] [2021-04-23T19:38:29.159Z] >>> HTTP REQUEST GET https://cloudfunctions.googleapis.com/v1/operations/b250aGlzZGF5LWIzMTliL3VzLWNlbnRyYWwxL2hlbGxvV29ybGQvcDZyZlVMdGo2UDg  
 
[debug] [2021-04-23T19:38:29.468Z] <<< HTTP RESPONSE 200
[debug] [2021-04-23T19:38:31.484Z] >>> HTTP REQUEST GET https://cloudfunctions.googleapis.com/v1/operations/b250aGlzZGF5LWIzMTliL3VzLWNlbnRyYWwxL2hlbGxvV29ybGQvcDZyZlVMdGo2UDg  
 
[debug] [2021-04-23T19:38:31.793Z] <<< HTTP RESPONSE 200
[debug] [2021-04-23T19:38:33.807Z] >>> HTTP REQUEST GET https://cloudfunctions.googleapis.com/v1/operations/b250aGlzZGF5LWIzMTliL3VzLWNlbnRyYWwxL2hlbGxvV29ybGQvcDZyZlVMdGo2UDg  
 
[debug] [2021-04-23T19:38:34.123Z] <<< HTTP RESPONSE 200
[debug] [2021-04-23T19:38:36.126Z] >>> HTTP REQUEST GET https://cloudfunctions.googleapis.com/v1/operations/b250aGlzZGF5LWIzMTliL3VzLWNlbnRyYWwxL2hlbGxvV29ybGQvcDZyZlVMdGo2UDg  
 
[debug] [2021-04-23T19:38:36.445Z] <<< HTTP RESPONSE 200
[debug] [2021-04-23T19:38:38.451Z] >>> HTTP REQUEST GET https://cloudfunctions.googleapis.com/v1/operations/b250aGlzZGF5LWIzMTliL3VzLWNlbnRyYWwxL2hlbGxvV29ybGQvcDZyZlVMdGo2UDg  
 
[debug] [2021-04-23T19:38:38.764Z] <<< HTTP RESPONSE 200
[debug] [2021-04-23T19:38:40.778Z] >>> HTTP REQUEST GET https://cloudfunctions.googleapis.com/v1/operations/b250aGlzZGF5LWIzMTliL3VzLWNlbnRyYWwxL2hlbGxvV29ybGQvcDZyZlVMdGo2UDg  
 
[debug] [2021-04-23T19:38:41.073Z] <<< HTTP RESPONSE 200
[debug] [2021-04-23T19:38:43.086Z] >>> HTTP REQUEST GET https://cloudfunctions.googleapis.com/v1/operations/b250aGlzZGF5LWIzMTliL3VzLWNlbnRyYWwxL2hlbGxvV29ybGQvcDZyZlVMdGo2UDg  
 
[debug] [2021-04-23T19:38:43.392Z] <<< HTTP RESPONSE 200
[debug] [2021-04-23T19:38:45.399Z] >>> HTTP REQUEST GET https://cloudfunctions.googleapis.com/v1/operations/b250aGlzZGF5LWIzMTliL3VzLWNlbnRyYWwxL2hlbGxvV29ybGQvcDZyZlVMdGo2UDg  
 
[debug] [2021-04-23T19:38:45.714Z] <<< HTTP RESPONSE 200
[debug] [2021-04-23T19:38:47.723Z] >>> HTTP REQUEST GET https://cloudfunctions.googleapis.com/v1/operations/b250aGlzZGF5LWIzMTliL3VzLWNlbnRyYWwxL2hlbGxvV29ybGQvcDZyZlVMdGo2UDg  
 
[debug] [2021-04-23T19:38:48.048Z] <<< HTTP RESPONSE 200
[debug] [2021-04-23T19:38:50.064Z] >>> HTTP REQUEST GET https://cloudfunctions.googleapis.com/v1/operations/b250aGlzZGF5LWIzMTliL3VzLWNlbnRyYWwxL2hlbGxvV29ybGQvcDZyZlVMdGo2UDg  
 
[debug] [2021-04-23T19:38:50.356Z] <<< HTTP RESPONSE 200
[debug] [2021-04-23T19:38:52.369Z] >>> HTTP REQUEST GET https://cloudfunctions.googleapis.com/v1/operations/b250aGlzZGF5LWIzMTliL3VzLWNlbnRyYWwxL2hlbGxvV29ybGQvcDZyZlVMdGo2UDg  
 
[debug] [2021-04-23T19:38:52.690Z] <<< HTTP RESPONSE 200
[debug] [2021-04-23T19:38:54.699Z] >>> HTTP REQUEST GET https://cloudfunctions.googleapis.com/v1/operations/b250aGlzZGF5LWIzMTliL3VzLWNlbnRyYWwxL2hlbGxvV29ybGQvcDZyZlVMdGo2UDg  
 
[debug] [2021-04-23T19:38:54.998Z] <<< HTTP RESPONSE 200
[debug] [2021-04-23T19:38:57.010Z] >>> HTTP REQUEST GET https://cloudfunctions.googleapis.com/v1/operations/b250aGlzZGF5LWIzMTliL3VzLWNlbnRyYWwxL2hlbGxvV29ybGQvcDZyZlVMdGo2UDg  
 
[debug] [2021-04-23T19:38:57.327Z] <<< HTTP RESPONSE 200
[debug] [2021-04-23T19:38:59.333Z] >>> HTTP REQUEST GET https://cloudfunctions.googleapis.com/v1/operations/b250aGlzZGF5LWIzMTliL3VzLWNlbnRyYWwxL2hlbGxvV29ybGQvcDZyZlVMdGo2UDg  
 
[debug] [2021-04-23T19:38:59.655Z] <<< HTTP RESPONSE 200
[debug] [2021-04-23T19:39:01.666Z] >>> HTTP REQUEST GET https://cloudfunctions.googleapis.com/v1/operations/b250aGlzZGF5LWIzMTliL3VzLWNlbnRyYWwxL2hlbGxvV29ybGQvcDZyZlVMdGo2UDg  
 
[debug] [2021-04-23T19:39:01.963Z] <<< HTTP RESPONSE 200
[debug] [2021-04-23T19:39:03.974Z] >>> HTTP REQUEST GET https://cloudfunctions.googleapis.com/v1/operations/b250aGlzZGF5LWIzMTliL3VzLWNlbnRyYWwxL2hlbGxvV29ybGQvcDZyZlVMdGo2UDg  
 
[debug] [2021-04-23T19:39:04.298Z] <<< HTTP RESPONSE 200
[debug] [2021-04-23T19:39:06.310Z] >>> HTTP REQUEST GET https://cloudfunctions.googleapis.com/v1/operations/b250aGlzZGF5LWIzMTliL3VzLWNlbnRyYWwxL2hlbGxvV29ybGQvcDZyZlVMdGo2UDg  
 
[debug] [2021-04-23T19:39:06.612Z] <<< HTTP RESPONSE 200
[debug] [2021-04-23T19:39:08.627Z] >>> HTTP REQUEST GET https://cloudfunctions.googleapis.com/v1/operations/b250aGlzZGF5LWIzMTliL3VzLWNlbnRyYWwxL2hlbGxvV29ybGQvcDZyZlVMdGo2UDg  
 
[debug] [2021-04-23T19:39:08.938Z] <<< HTTP RESPONSE 200
[debug] [2021-04-23T19:39:10.946Z] >>> HTTP REQUEST GET https://cloudfunctions.googleapis.com/v1/operations/b250aGlzZGF5LWIzMTliL3VzLWNlbnRyYWwxL2hlbGxvV29ybGQvcDZyZlVMdGo2UDg  
 
[debug] [2021-04-23T19:39:11.268Z] <<< HTTP RESPONSE 200
